1675596471281:c
1675598945776:gac
1676188188040:gaw
1676188268635:gac
1676188274244:gaw
1676189535137:gacar
1676189542594:c
1676189583150:gac
1676189586816:gaw
1676189591761:gacar
1676194363721:gaw
1676194383499:gacar
1676194470799:gac
1676195453707:gaw
1676800653851:gcbi
1676800667356:gcbi 3
1678524422372:gcbi
1678524452514:gcbi 2
1678525734711:gcarbi 1
1678525755870:gcarbi 3
1678526369594:c
1678526396904:gac
1678526420151:gaw
1678526449333:gacar
1678526680937:gcarbi 3
1678526713497:gcbi 2
1678526734404:gwbi 2
1678614319564:gcarbi
1678614337262:gcarbi 3
1678615416860:cc Mirko
1678615442737:gac
1678717858722:cc
1678719516360:gac
1678719531262:uc 1 Maksim
1678719548673:gac
1678719562620:uc 1
1678719575984:gac
1678719596821:uc 3 IVAN
1678719601857:gac
1678722469768:dc
1678722494683:gac
1678722502940:dc 1
1678722513512:gac
1678722533497:dc 2 Petr
1678722545995:gzc
1678722549023:dac
1678722553733:gac
1678722563741:dc 2 Petr
1678722792173:stacktrace
1678722875549:dc
1678722878563:2
1678722905126:cc
1678722909968:gac
1678722913658:cc
1678722918188:gac
1678722948437:uc 4 Maks
1678722954903:gac
1678722975799:uc 8 ttt
1678722978930:gac
1678723034001:dc 4
1678723041432:gac
1678723077000:dc 6, ttt
1678723084253:gac
1678723092696:dc ttt
1678723100897:dc 6
1678723108969:dac
1678723111405:gac
1678723123664:dc 1
1678723138431:gac
1678723152230:dc 5
1678723173343:gac
1678723180247:dc 3
